<?xml version="1.0" encoding="UTF-8"?>
<testng-results ignored="0" total="1" passed="1" failed="0" skipped="0">
  <reporter-output>
  </reporter-output>
  <suite started-at="2021-12-09T15:04:19 IST" name="Default suite" finished-at="2021-12-09T15:04:19 IST" duration-ms="59">
    <groups>
    </groups>
    <test started-at="2021-12-09T15:04:19 IST" name="Default test" finished-at="2021-12-09T15:04:19 IST" duration-ms="59">
      <class name="testing.Testinggithub">
        <test-method signature="user()[pri:0, instance:testing.Testinggithub@37858383]" started-at="2021-12-09T15:04:19 IST" name="user" finished-at="2021-12-09T15:04:19 IST" duration-ms="11" status="PASS">
          <reporter-output>
          </reporter-output>
        </test-method> <!-- user -->
      </class> <!-- testing.Testinggithub -->
    </test> <!-- Default test -->
  </suite> <!-- Default suite -->
</testng-results>
